#
# There is insufficient memory for the Java Runtime Environment to continue.
# Native memory allocation (mmap) failed to map 266338304 bytes for G1 virtual space
# Possible reasons:
#   The system is out of physical RAM or swap space
#   The process is running with CompressedOops enabled, and the Java Heap may be blocking the growth of the native heap
# Possible solutions:
#   Reduce memory load on the system
#   Increase physical memory or swap space
#   Check if swap backing store is full
#   Decrease Java heap size (-Xmx/-Xms)
#   Decrease number of Java threads
#   Decrease Java thread stack sizes (-Xss)
#   Set larger code cache with -XX:ReservedCodeCacheSize=
#   JVM is running with Zero Based Compressed Oops mode in which the Java heap is
#     placed in the first 32GB address space. The Java Heap base address is the
#     maximum limit for the native heap growth. Please use -XX:HeapBaseMinAddress
#     to set the Java Heap base and to place the Java Heap above 32GB virtual address.
# This output file may be truncated or incomplete.
#
#  Out of Memory Error (os_windows.cpp:3469), pid=16044, tid=23732
#
# JRE version:  (17.0.1+12) (build )
# Java VM: Java HotSpot(TM) 64-Bit Server VM (17.0.1+12-LTS-39, mixed mode, sharing, tiered, compressed oops, compressed class ptrs, g1 gc, windows-amd64)
# No core dump will be written. Minidumps are not enabled by default on client versions of Windows
#

---------------  S U M M A R Y ------------

Command Line: --module-path=C:\Users\elyes\.m2\repository\org\openjfx\javafx-base\20.0.2\javafx-base-20.0.2-win.jar;C:\Users\elyes\.m2\repository\org\openjfx\javafx-base\20.0.2\javafx-base-20.0.2.jar;C:\Users\elyes\.m2\repository\org\openjfx\javafx-controls\20.0.2\javafx-controls-20.0.2-win.jar;C:\Users\elyes\.m2\repository\org\openjfx\javafx-controls\20.0.2\javafx-controls-20.0.2.jar;C:\Users\elyes\.m2\repository\org\openjfx\javafx-fxml\20.0.2\javafx-fxml-20.0.2-win.jar;C:\Users\elyes\.m2\repository\org\openjfx\javafx-fxml\20.0.2\javafx-fxml-20.0.2.jar;C:\Users\elyes\.m2\repository\org\openjfx\javafx-graphics\20.0.2\javafx-graphics-20.0.2-win.jar;C:\Users\elyes\.m2\repository\org\openjfx\javafx-graphics\20.0.2\javafx-graphics-20.0.2.jar --add-modules=javafx.base,javafx.controls,javafx.fxml,javafx.graphics tn.esprit.apollogui.test.mainFX

Host: Intel(R) Core(TM) i7-10750H CPU @ 2.60GHz, 12 cores, 15G,  Windows 10 , 64 bit Build 19041 (10.0.19041.3636)
Time: Sun Mar  3 12:34:19 2024 W. Central Africa Standard Time elapsed time: 0.014100 seconds (0d 0h 0m 0s)

---------------  T H R E A D  ---------------

Current thread (0x000001e3e6962760):  JavaThread "Unknown thread" [_thread_in_vm, id=23732, stack(0x0000006367e00000,0x0000006367f00000)]

Stack: [0x0000006367e00000,0x0000006367f00000]
Native frames: (J=compiled Java code, j=interpreted, Vv=VM code, C=native code)
V  [jvm.dll+0x66fa1a]
V  [jvm.dll+0x7ce5a4]
V  [jvm.dll+0x7cfd4e]
V  [jvm.dll+0x7d03b3]
V  [jvm.dll+0x242b05]
V  [jvm.dll+0x66ca39]
V  [jvm.dll+0x661502]
V  [jvm.dll+0x30081b]
V  [jvm.dll+0x307da6]
V  [jvm.dll+0x357a1e]
V  [jvm.dll+0x357c4f]
V  [jvm.dll+0x2d7ad8]
V  [jvm.dll+0x2d8a44]
V  [jvm.dll+0x7a01e1]
V  [jvm.dll+0x365791]
V  [jvm.dll+0x77f6cc]
V  [jvm.dll+0x3e812f]
V  [jvm.dll+0x3e9bd1]
C  [jli.dll+0x527b]
C  [ucrtbase.dll+0x21bb2]
C  [KERNEL32.DLL+0x17344]
C  [ntdll.dll+0x526b1]


---------------  P R O C E S S  ---------------

Threads class SMR info:
_java_thread_list=0x00007ffb81ac7818, length=0, elements={
}

Java Threads: ( => current thread )

Other Threads:
  0x000001e3e69b6370 GCTaskThread "GC Thread#0" [stack: 0x0000006367f00000,0x0000006368000000] [id=21384]
  0x000001e3e69c90b0 ConcurrentGCThread "G1 Main Marker" [stack: 0x0000006368000000,0x0000006368100000] [id=17176]
  0x000001e3e69ca170 ConcurrentGCThread "G1 Conc#0" [stack: 0x0000006368100000,0x0000006368200000] [id=4788]

[error occurred during error reporting (printing all threads), id 0xc0000005, EXCEPTION_ACCESS_VIOLATION (0xc0000005) at pc=0x00007ffb813184b7]

VM state: not at safepoint (not fully initialized)

VM Mutex/Monitor currently owned by a thread:  ([mutex/lock_event])
[0x000001e3e6960270] Heap_lock - owner thread: 0x000001e3e6962760

Heap address: 0x0000000702000000, size: 4064 MB, Compressed Oops mode: Zero based, Oop shift amount: 3

CDS archive(s) mapped at: [0x0000000000000000-0x0000000000000000-0x0000000000000000), size 0, SharedBaseAddress: 0x0000000800000000, ArchiveRelocationMode: 0.
Narrow klass base: 0x0000000000000000, Narrow klass shift: 0, Narrow klass range: 0x0

GC Precious Log:
<Empty>

Heap:
 garbage-first heap   total 0K, used 0K [0x0000000702000000, 0x0000000800000000)
  region size 2048K, 0 young (0K), 0 survivors (0K)

[error occurred during error reporting (printing heap information), id 0xc0000005, EXCEPTION_ACCESS_VIOLATION (0xc0000005) at pc=0x00007ffb816f8d89]

GC Heap History (0 events):
No events

Deoptimization events (0 events):
No events

Classes unloaded (0 events):
No events

Classes redefined (0 events):
No events

Internal exceptions (0 events):
No events

VM Operations (0 events):
No events

Events (1 events):
Event: 0.009 Loaded shared library C:\Program Files\Java\jdk-17.0.1\bin\java.dll


Dynamic libraries:
0x00007ff6b4490000 - 0x00007ff6b44a0000 	C:\Program Files\Java\jdk-17.0.1\bin\java.exe
0x00007ffbe3890000 - 0x00007ffbe3a88000 	C:\Windows\SYSTEM32\ntdll.dll
0x00007ffbbc590000 - 0x00007ffbbc5a9000 	C:\Program Files\Avast Software\Avast\aswhook.dll
0x00007ffbe3000000 - 0x00007ffbe30bd000 	C:\Windows\System32\KERNEL32.DLL
0x00007ffbe1050000 - 0x00007ffbe1346000 	C:\Windows\System32\KERNELBASE.dll
0x00007ffbe16d0000 - 0x00007ffbe17d0000 	C:\Windows\System32\ucrtbase.dll
0x00007ffbbf090000 - 0x00007ffbbf0aa000 	C:\Program Files\Java\jdk-17.0.1\bin\VCRUNTIME140.dll
0x00007ffbc4590000 - 0x00007ffbc45a8000 	C:\Program Files\Java\jdk-17.0.1\bin\jli.dll
0x00007ffbe2830000 - 0x00007ffbe28e3000 	C:\Windows\System32\ADVAPI32.dll
0x00007ffbe3340000 - 0x00007ffbe33de000 	C:\Windows\System32\msvcrt.dll
0x00007ffbe2660000 - 0x00007ffbe26ff000 	C:\Windows\System32\sechost.dll
0x00007ffbe29b0000 - 0x00007ffbe2ad6000 	C:\Windows\System32\RPCRT4.dll
0x00007ffbe18a0000 - 0x00007ffbe18c7000 	C:\Windows\System32\bcrypt.dll
0x00007ffbe31a0000 - 0x00007ffbe333e000 	C:\Windows\System32\USER32.dll
0x00007ffbe17d0000 - 0x00007ffbe17f2000 	C:\Windows\System32\win32u.dll
0x00007ffbe2ee0000 - 0x00007ffbe2f0b000 	C:\Windows\System32\GDI32.dll
0x00007ffbc0040000 - 0x00007ffbc02da000 	C:\Windows\WinSxS\amd64_microsoft.windows.common-controls_6595b64144ccf1df_6.0.19041.3636_none_60b6a03d71f818d5\COMCTL32.dll
0x00007ffbe15b0000 - 0x00007ffbe16c7000 	C:\Windows\System32\gdi32full.dll
0x00007ffbe1800000 - 0x00007ffbe189d000 	C:\Windows\System32\msvcp_win.dll
0x00007ffbdad90000 - 0x00007ffbdad9a000 	C:\Windows\SYSTEM32\VERSION.dll
0x00007ffbe2f10000 - 0x00007ffbe2f42000 	C:\Windows\System32\IMM32.DLL
0x00007ffbda740000 - 0x00007ffbda74c000 	C:\Program Files\Java\jdk-17.0.1\bin\vcruntime140_1.dll
0x00007ffba27c0000 - 0x00007ffba284d000 	C:\Program Files\Java\jdk-17.0.1\bin\msvcp140.dll
0x00007ffb81030000 - 0x00007ffb81bee000 	C:\Program Files\Java\jdk-17.0.1\bin\server\jvm.dll
0x00007ffbe28f0000 - 0x00007ffbe28f8000 	C:\Windows\System32\PSAPI.DLL
0x00007ffbcedb0000 - 0x00007ffbcedb9000 	C:\Windows\SYSTEM32\WSOCK32.dll
0x00007ffbd0ee0000 - 0x00007ffbd0f07000 	C:\Windows\SYSTEM32\WINMM.dll
0x00007ffbe2520000 - 0x00007ffbe258b000 	C:\Windows\System32\WS2_32.dll
0x00007ffbdf790000 - 0x00007ffbdf7a2000 	C:\Windows\SYSTEM32\kernel.appcore.dll
0x00007ffbda0d0000 - 0x00007ffbda0da000 	C:\Program Files\Java\jdk-17.0.1\bin\jimage.dll
0x00007ffbdeb90000 - 0x00007ffbded74000 	C:\Windows\SYSTEM32\DBGHELP.DLL
0x00007ffbd72c0000 - 0x00007ffbd72f4000 	C:\Windows\SYSTEM32\dbgcore.DLL
0x00007ffbe1520000 - 0x00007ffbe15a2000 	C:\Windows\System32\bcryptPrimitives.dll
0x00007ffbbf030000 - 0x00007ffbbf055000 	C:\Program Files\Java\jdk-17.0.1\bin\java.dll

dbghelp: loaded successfully - version: 4.0.5 - missing functions: none
symbol engine: initialized successfully - sym options: 0x614 - pdb path: .;C:\Program Files\Java\jdk-17.0.1\bin;C:\Windows\SYSTEM32;C:\Program Files\Avast Software\Avast;C:\Windows\WinSxS\amd64_microsoft.windows.common-controls_6595b64144ccf1df_6.0.19041.3636_none_60b6a03d71f818d5;C:\Program Files\Java\jdk-17.0.1\bin\server

VM Arguments:
jvm_args: --module-path=C:\Users\elyes\.m2\repository\org\openjfx\javafx-base\20.0.2\javafx-base-20.0.2-win.jar;C:\Users\elyes\.m2\repository\org\openjfx\javafx-base\20.0.2\javafx-base-20.0.2.jar;C:\Users\elyes\.m2\repository\org\openjfx\javafx-controls\20.0.2\javafx-controls-20.0.2-win.jar;C:\Users\elyes\.m2\repository\org\openjfx\javafx-controls\20.0.2\javafx-controls-20.0.2.jar;C:\Users\elyes\.m2\repository\org\openjfx\javafx-fxml\20.0.2\javafx-fxml-20.0.2-win.jar;C:\Users\elyes\.m2\repository\org\openjfx\javafx-fxml\20.0.2\javafx-fxml-20.0.2.jar;C:\Users\elyes\.m2\repository\org\openjfx\javafx-graphics\20.0.2\javafx-graphics-20.0.2-win.jar;C:\Users\elyes\.m2\repository\org\openjfx\javafx-graphics\20.0.2\javafx-graphics-20.0.2.jar --add-modules=javafx.base,javafx.controls,javafx.fxml,javafx.graphics 
java_command: tn.esprit.apollogui.test.mainFX
java_class_path (initial): C:\Users\elyes\eclipse-workspace\Apollo\target\classes;C:\Users\elyes\.m2\repository\com\google\api-client\google-api-client\2.0.0\google-api-client-2.0.0.jar;C:\Users\elyes\.m2\repository\com\google\apis\google-api-services-gmail\v1-rev20220404-2.0.0\google-api-services-gmail-v1-rev20220404-2.0.0.jar;C:\Users\elyes\.m2\repository\com\google\code\findbugs\jsr305\3.0.2\jsr305-3.0.2.jar;C:\Users\elyes\.m2\repository\com\google\code\gson\gson\2.9.0\gson-2.9.0.jar;C:\Users\elyes\.m2\repository\com\google\errorprone\error_prone_annotations\2.11.0\error_prone_annotations-2.11.0.jar;C:\Users\elyes\.m2\repository\com\google\guava\failureaccess\1.0.1\failureaccess-1.0.1.jar;C:\Users\elyes\.m2\repository\com\google\guava\guava\31.1-jre\guava-31.1-jre.jar;C:\Users\elyes\.m2\repository\com\google\guava\listenablefuture\9999.0-empty-to-avoid-conflict-with-guava\listenablefuture-9999.0-empty-to-avoid-conflict-with-guava.jar;C:\Users\elyes\.m2\repository\com\google\http-client\google-http-client\1.42.0\google-http-client-1.42.0.jar;C:\Users\elyes\.m2\repository\com\google\http-client\google-http-client-apache-v2\1.42.1\google-http-client-apache-v2-1.42.1.jar;C:\Users\elyes\.m2\repository\com\google\http-client\google-http-client-gson\1.42.1\google-http-client-gson-1.42.1.jar;C:\Users\elyes\.m2\repository\com\google\j2objc\j2objc-annotations\1.3\j2objc-annotations-1.3.jar;C:\Users\elyes\.m2\repository\com\google\oauth-client\google-oauth-client\1.34.1\google-oauth-client-1.34.1.jar;C:\Users\elyes\.m2\repository\com\google\oauth-client\google-oauth-client-java6\1.34.1\google-oauth-client-java6-1.34.1.jar;C:\Users\elyes\.m2\repository\com\google\oauth-client\google-oauth-client-jetty\1.34.1\google-oauth-client-jetty-1.34.1.jar;C:\Users\elyes\.m2\repository\com\google\protobuf\protobuf-java\3.21.9\protobuf-java-3.21.9.jar;C:\Users\elyes\.m2\repository\com\mysql\mysql-connector-j\8.0.33\mysql-connector-j-8.0.33.jar;C:\Users\elyes\.m2\repository\commons-code
Launcher Type: SUN_STANDARD

[Global flags]
     intx CICompilerCount                          = 4                                         {product} {ergonomic}
     uint ConcGCThreads                            = 3                                         {product} {ergonomic}
     uint G1ConcRefinementThreads                  = 10                                        {product} {ergonomic}
   size_t G1HeapRegionSize                         = 2097152                                   {product} {ergonomic}
    uintx GCDrainStackTargetSize                   = 64                                        {product} {ergonomic}
   size_t InitialHeapSize                          = 266338304                                 {product} {ergonomic}
   size_t MarkStackSize                            = 4194304                                   {product} {ergonomic}
   size_t MaxHeapSize                              = 4261412864                                {product} {ergonomic}
   size_t MinHeapDeltaBytes                        = 2097152                                   {product} {ergonomic}
   size_t MinHeapSize                              = 8388608                                   {product} {ergonomic}
    uintx NonNMethodCodeHeapSize                   = 5839372                                {pd product} {ergonomic}
    uintx NonProfiledCodeHeapSize                  = 122909434                              {pd product} {ergonomic}
    uintx ProfiledCodeHeapSize                     = 122909434                              {pd product} {ergonomic}
    uintx ReservedCodeCacheSize                    = 251658240                              {pd product} {ergonomic}
     bool SegmentedCodeCache                       = true                                      {product} {ergonomic}
   size_t SoftMaxHeapSize                          = 4261412864                             {manageable} {ergonomic}
     bool UseCompressedClassPointers               = true                           {product lp64_product} {ergonomic}
     bool UseCompressedOops                        = true                           {product lp64_product} {ergonomic}
     bool UseG1GC                                  = true                                      {product} {ergonomic}
     bool UseLargePagesIndividualAllocation        = false                                  {pd product} {ergonomic}

Logging:
Log output configuration:
 #0: stdout all=warning uptime,level,tags
 #1: stderr all=off uptime,level,tags

Environment Variables:
JAVA_HOME=C:\Program Files\Java\jdk-17.0.1
PATH=E:\Oracle\app\oracle\product\11.2.0\server\bin;;C:\ProgramData\Oracle\Java\javapath;C:\Program Files\Common Files\Oracle\Java\javapath;C:\Program Files (x86)\Common Files\Oracle\Java\javapath;C:\Program Files\Java\jdk1.8.0_311\bin;C:\Program Files (x86)\MySQL\mysql-8.0.29\bin;C:\Windows\system32;C:\Windows;C:\Windows\System32\Wbem;C:\Windows\System32\WindowsPowerShell\v1.0\;C:\Windows\System32\OpenSSH\;E:\Wow Server Setup\Git\cmd;C:\Program Files\Microsoft SQL Server\150\Tools\Binn\;E:\Wow Server Setup\bin;C:\Program Files (x86)\MySQL\mysql-8.0.29\bin;C:\Program Files\Java\jdk-17.0.1\bin;C:\Users\elyes\OneDrive\Bureau\jee install\apache-maven-3.8.4-bin\apache-maven-3.8.4\bin;C:\Program Files\Microsoft SQL Server\Client SDK\ODBC\170\Tools\Binn\;C:\Program Files (x86)\Microsoft SQL Server\150\Tools\Binn\;C:\Program Files\Microsoft SQL Server\150\DTS\Binn\;E:\xshell\;E:\XFTP\;C:\Program Files (x86)\Microsoft SQL Server\140\Tools\Binn\;C:\Program Files\Microsoft SQL Server\140\Tools\Binn\;C:\Program Files (x86)\Microsoft SQL Server\140\DTS\Binn\;C:\Program Files\Microsoft SQL Server\140\DTS\Binn\;C:\Program Files\Microsoft SQL Server\Client SDK\ODBC\130\Tools\Binn\;C:\Program Files\dotnet\;C:\Program Files\Microsoft SQL Server\160\DTS\Binn\;C:\Program Files (x86)\NVIDIA Corporation\PhysX\Common;C:\Program Files\NVIDIA Corporation\NVIDIA NvDLISR;C:\xampp\php;C:\composer;C:\Program Files\Microsoft SQL Server\130\DTS\Binn\;C:\Program Files (x86)\Microsoft SQL Server\160\DTS\Binn\;C:\Program Files\Azure Data Studio\bin;C:\Users\elyes\scoop\shims;C:\Users\elyes\AppData\Local\Microsoft\WindowsApps;C:\Program Files\Azure Data Studio\bin;C:\Users\elyes\.dotnet\tools;C:\Users\elyes\AppData\Roaming\Composer\vendor\bin;C:\Users\elyes\AppData\Local\Programs\Microsoft VS Code\bin;C:\Program Files\Azure Data Studio\bin
USERNAME=elyes
OS=Windows_NT
PROCESSOR_IDENTIFIER=Intel64 Family 6 Model 165 Stepping 2, GenuineIntel



---------------  S Y S T E M  ---------------

OS:
 Windows 10 , 64 bit Build 19041 (10.0.19041.3636)
OS uptime: 7 days 1:08 hours

CPU: total 12 (initial active 12) (6 cores per cpu, 2 threads per core) family 6 model 165 stepping 2 microcode 0xf6, cx8, cmov, fxsr, ht, mmx, 3dnowpref, sse, sse2, sse3, ssse3, sse4.1, sse4.2, popcnt, lzcnt, tsc, tscinvbit, avx, avx2, aes, erms, clmul, bmi1, bmi2, adx, fma, vzeroupper, clflush, clflushopt

Memory: 4k page, system-wide physical 16251M (2849M free)
TotalPageFile size 28968M (AvailPageFile size 123M)
current process WorkingSet (physical memory assigned to process): 10M, peak: 10M
current process commit charge ("private bytes"): 64M, peak: 318M

vm_info: Java HotSpot(TM) 64-Bit Server VM (17.0.1+12-LTS-39) for windows-amd64 JRE (17.0.1+12-LTS-39), built on Sep 27 2021 18:41:35 by "mach5one" with MS VC++ 16.8 (VS2019)

END.
